<?xml version="1.0" encoding="UTF-8"?>
<!-- Generated by org.testng.reporters.JUnitReportReporter -->
<testsuite hostname="Lenovo-Lap" failures="0" tests="1" name="media.NMobileMedia" time="60.969" errors="0" timestamp="2022-01-14T20:47:01 IST" skipped="0">
  <testcase classname="media.NMobileMedia" name="run" time="60.969"/>
  <system-out/>
</testsuite> <!-- media.NMobileMedia -->
